{"level":"info","message":"App started","timestamp":"2024-11-10T03:07:55.728Z"}
{"level":"error","message":"An error occurred","timestamp":"2024-11-10T03:07:55.730Z"}
{"level":"info","message":"App started","timestamp":"2024-11-10T03:08:22.655Z"}
{"level":"error","message":"An error occurred","timestamp":"2024-11-10T03:08:22.656Z"}
{"level":"info","message":"App started","timestamp":"2024-11-10T03:08:54.845Z"}
{"level":"error","message":"An error occurred","timestamp":"2024-11-10T03:08:54.846Z"}
{"level":"info","message":"App started","timestamp":"2024-11-10T03:09:00.854Z"}
{"level":"error","message":"An error occurred","timestamp":"2024-11-10T03:09:00.855Z"}
{"level":"info","message":"App started"}
{"level":"error","message":"An error occurred"}
{"level":"info","message":"App started"}
{"level":"error","message":"An error occurred"}
{"level":"info","message":"App started"}
{"level":"error","message":"An error occurred"}
{"level":"info","message":"App started","timestamp":"2024-11-10T03:10:51.406Z"}
{"level":"error","message":"An error occurred","timestamp":"2024-11-10T03:10:51.408Z"}
{"level":"info","message":"App started"}
{"level":"error","message":"An error occurred"}
{"level":"info","message":"App started"}
{"level":"info","message":"Connected to Database"}
{"level":"info","message":"App started"}
{"level":"info","message":"Connected to Database"}
{"level":"info","message":"App started"}
{"level":"info","message":"Connected to Database"}
{"level":"info","message":"App started"}
{"level":"info","message":"Connected to Database"}
{"level":"info","message":"App started"}
{"level":"info","message":"Connected to Database"}
{"level":"info","message":"App started"}
{"level":"info","message":"Connected to Database"}
{"level":"info","message":"App started"}
{"level":"info","message":"Connected to Database"}
{"level":"info","message":"App started"}
{"level":"info","message":"Connected to Database"}
{"level":"info","message":"App started"}
{"level":"info","message":"Connected to Database"}
{"level":"info","message":"App started"}
{"level":"info","message":"Connected to Database"}
{"level":"info","message":"App started"}
{"level":"info","message":"Connected to Database"}
{"level":"info","message":"App started"}
{"level":"info","message":"Connected to Database"}
{"level":"info","message":"App started"}
{"level":"info","message":"Connected to Database"}
{"level":"info","message":"App started"}
{"level":"info","message":"Connected to Database"}
{"level":"info","message":"App started"}
{"level":"info","message":"Connected to Database"}
{"level":"info","message":"App started"}
{"level":"info","message":"Connected to Database"}
{"level":"info","message":"App started"}
{"level":"info","message":"Connected to Database"}
{"level":"info","message":"App started"}
{"level":"info","message":"Connected to Database"}
{"level":"info","message":"App started"}
{"level":"info","message":"Connected to Database"}
{"level":"info","message":"Connected to Database"}
{"level":"info","message":"Connected to Database"}
{"level":"info","message":"Connected to Database"}
{"level":"info","message":"Connected to Database"}
{"level":"info","message":"Connected to Database"}
{"level":"info","message":"Connected to Database"}
{"level":"info","message":"Connected to Database"}
{"level":"info","message":"Connected to Database"}
{"level":"info","message":"Connection failed Could not connect to any servers in your MongoDB Atlas cluster. One common reason is that you're trying to access the database from an IP that isn't whitelisted. Make sure your current IP address is on your Atlas cluster's IP whitelist: https://www.mongodb.com/docs/atlas/security-whitelist/","reason":{"commonWireVersion":0,"compatible":true,"heartbeatFrequencyMS":10000,"localThresholdMS":15,"logicalSessionTimeoutMinutes":null,"maxElectionId":null,"maxSetVersion":null,"servers":{"cluster0-shard-00-00.titlm.mongodb.net:27017":{"$clusterTime":null,"address":"cluster0-shard-00-00.titlm.mongodb.net:27017","arbiters":[],"electionId":null,"error":null,"hosts":[],"lastUpdateTime":3481294284,"lastWriteDate":0,"logicalSessionTimeoutMinutes":null,"maxWireVersion":0,"me":null,"minRoundTripTime":0,"minWireVersion":0,"passives":[],"primary":null,"roundTripTime":-1,"setName":null,"setVersion":null,"tags":{},"topologyVersion":null,"type":"Unknown"},"cluster0-shard-00-01.titlm.mongodb.net:27017":{"$clusterTime":null,"address":"cluster0-shard-00-01.titlm.mongodb.net:27017","arbiters":[],"electionId":null,"error":null,"hosts":[],"lastUpdateTime":3481294284,"lastWriteDate":0,"logicalSessionTimeoutMinutes":null,"maxWireVersion":0,"me":null,"minRoundTripTime":0,"minWireVersion":0,"passives":[],"primary":null,"roundTripTime":-1,"setName":null,"setVersion":null,"tags":{},"topologyVersion":null,"type":"Unknown"},"cluster0-shard-00-02.titlm.mongodb.net:27017":{"$clusterTime":null,"address":"cluster0-shard-00-02.titlm.mongodb.net:27017","arbiters":[],"electionId":null,"error":null,"hosts":[],"lastUpdateTime":3481294284,"lastWriteDate":0,"logicalSessionTimeoutMinutes":null,"maxWireVersion":0,"me":null,"minRoundTripTime":0,"minWireVersion":0,"passives":[],"primary":null,"roundTripTime":-1,"setName":null,"setVersion":null,"tags":{},"topologyVersion":null,"type":"Unknown"}},"setName":"atlas-msaj82-shard-0","stale":false,"type":"ReplicaSetNoPrimary"},"stack":"MongooseServerSelectionError: Could not connect to any servers in your MongoDB Atlas cluster. One common reason is that you're trying to access the database from an IP that isn't whitelisted. Make sure your current IP address is on your Atlas cluster's IP whitelist: https://www.mongodb.com/docs/atlas/security-whitelist/\n    at _handleConnectionErrors (/Users/brandonkappel/Documents/development/personal/PF-Backend/node_modules/mongoose/lib/connection.js:900:11)\n    at NativeConnection.openUri (/Users/brandonkappel/Documents/development/personal/PF-Backend/node_modules/mongoose/lib/connection.js:851:11)"}
{"level":"info","message":"Connected to Database"}
{"level":"info","message":"Connected to Database"}
{"level":"info","message":"Connected to Database"}
{"level":"info","message":"Connected to Database"}
{"level":"info","message":"Connected to Database"}
{"level":"info","message":"Connected to Database"}
{"level":"info","message":"Connected to Database"}
{"level":"info","message":"Connected to Database"}
{"level":"info","message":"Connected to Database"}
{"level":"info","message":"Connected to Database"}
{"level":"info","message":"Connected to Database"}
{"level":"info","message":"Connected to Database"}
{"level":"info","message":"Connected to Database"}
{"level":"info","message":"Connected to Database"}
{"level":"info","message":"Connected to Database"}
{"level":"info","message":"Connected to Database"}
{"level":"info","message":"Connected to Database"}
{"level":"info","message":"Connected to Database"}
{"level":"info","message":"Connected to Database"}
{"level":"info","message":"Connected to Database"}
{"level":"info","message":"Connected to Database"}
{"level":"info","message":"Connected to Database"}
{"level":"info","message":"Connected to Database"}
{"level":"info","message":"Connected to Database"}
{"level":"info","message":"Connected to Database"}
{"level":"info","message":"Connected to Database"}
{"level":"info","message":"Connected to Database"}
{"level":"info","message":"Connected to Database"}
{"level":"info","message":"Connected to Database"}
{"level":"info","message":"Connected to Database"}
{"level":"info","message":"Connected to Database"}
{"level":"info","message":"Connected to Database"}
{"level":"info","message":"Connected to Database"}
{"level":"info","message":"Connected to Database"}
{"level":"info","message":"Connected to Database"}
{"level":"info","message":"Connected to Database"}
{"level":"info","message":"Connected to Database"}
{"level":"info","message":"Connected to Database"}
{"level":"info","message":"Connected to Database"}
{"level":"info","message":"Connected to Database"}
{"level":"info","message":"Connected to Database"}
{"level":"info","message":"Connected to Database"}
{"level":"info","message":"Connected to Database"}
{"level":"info","message":"Connected to Database"}
{"level":"info","message":"Connected to Database"}
{"level":"info","message":"Connected to Database"}
{"level":"info","message":"Connected to Database"}
{"level":"info","message":"Connected to Database"}
{"level":"info","message":"Connected to Database"}
{"level":"info","message":"Connected to Database"}
{"level":"info","message":"Connected to Database"}
{"level":"info","message":"Connected to Database"}
{"level":"info","message":"Connected to Database"}
{"level":"info","message":"Connected to Database"}
{"level":"info","message":"Connected to Database"}
{"level":"info","message":"Connected to Database"}
{"level":"info","message":"Connected to Database"}
{"level":"info","message":"Connected to Database"}
{"level":"info","message":"Connected to Database"}
